<?xml version="1.0" encoding="UTF-8"?>
<testng-results ignored="0" total="1" passed="1" failed="0" skipped="0">
  <reporter-output>
  </reporter-output>
  <suite started-at="2026-04-10T17:36:44 IST" name="Suite" finished-at="2026-04-10T17:37:13 IST" duration-ms="29166">
    <groups>
    </groups>
    <test started-at="2026-04-10T17:36:44 IST" name="Test" finished-at="2026-04-10T17:37:13 IST" duration-ms="29166">
      <class name="tests.CreateAccountTest">
        <test-method is-config="true" signature="setUp()[pri:0, instance:tests.CreateAccountTest@54d9d12d]" started-at="2026-04-10T17:36:44 IST" name="setUp" finished-at="2026-04-10T17:36:50 IST" duration-ms="6463" status="PASS">
          <reporter-output>
          </reporter-output>
        </test-method> <!-- setUp -->
        <test-method signature="verifyCountryDropdown()[pri:0, instance:tests.CreateAccountTest@54d9d12d]" started-at="2026-04-10T17:36:50 IST" name="verifyCountryDropdown" finished-at="2026-04-10T17:37:09 IST" duration-ms="19092" status="PASS">
          <reporter-output>
          </reporter-output>
        </test-method> <!-- verifyCountryDropdown -->
        <test-method is-config="true" signature="tearDown()[pri:0, instance:tests.CreateAccountTest@54d9d12d]" started-at="2026-04-10T17:37:09 IST" name="tearDown" finished-at="2026-04-10T17:37:13 IST" duration-ms="3568" status="PASS">
          <reporter-output>
          </reporter-output>
        </test-method> <!-- tearDown -->
      </class> <!-- tests.CreateAccountTest -->
    </test> <!-- Test -->
  </suite> <!-- Suite -->
</testng-results>
